2023-08-16 14:59:36,415 - DEBUG - Using proactor: IocpProactor
2023-08-16 14:59:42,269 - DEBUG - STREAM b'IHDR' 16 13
2023-08-16 14:59:42,269 - DEBUG - STREAM b'sRGB' 41 1
2023-08-16 14:59:42,269 - DEBUG - STREAM b'IDAT' 54 7360
2023-08-16 14:59:42,391 - DEBUG - STREAM b'IHDR' 16 13
2023-08-16 14:59:42,391 - DEBUG - STREAM b'IDAT' 41 7158
2023-08-16 15:02:24,821 - DEBUG - Using proactor: IocpProactor
2023-08-16 15:02:27,731 - DEBUG - STREAM b'IHDR' 16 13
2023-08-16 15:02:27,731 - DEBUG - STREAM b'sRGB' 41 1
2023-08-16 15:02:27,731 - DEBUG - STREAM b'IDAT' 54 7978
2023-08-16 15:02:27,829 - DEBUG - STREAM b'IHDR' 16 13
2023-08-16 15:02:27,829 - DEBUG - STREAM b'IDAT' 41 7872
2023-08-16 15:03:25,566 - DEBUG - Using proactor: IocpProactor
2023-08-16 15:03:28,378 - DEBUG - STREAM b'IHDR' 16 13
2023-08-16 15:03:28,378 - DEBUG - STREAM b'sRGB' 41 1
2023-08-16 15:03:28,378 - DEBUG - STREAM b'IDAT' 54 7503
2023-08-16 15:03:28,515 - DEBUG - STREAM b'IHDR' 16 13
2023-08-16 15:03:28,515 - DEBUG - STREAM b'IDAT' 41 7342
2023-08-16 15:18:30,201 - DEBUG - Using proactor: IocpProactor
2023-08-16 15:18:36,272 - DEBUG - STREAM b'IHDR' 16 13
2023-08-16 15:18:36,272 - DEBUG - STREAM b'sRGB' 41 1
2023-08-16 15:18:36,272 - DEBUG - STREAM b'IDAT' 54 7858
2023-08-16 15:18:36,376 - DEBUG - STREAM b'IHDR' 16 13
2023-08-16 15:18:36,376 - DEBUG - STREAM b'IDAT' 41 7630
2023-08-16 15:19:42,254 - DEBUG - Using proactor: IocpProactor
2023-08-16 15:19:53,289 - DEBUG - STREAM b'IHDR' 16 13
2023-08-16 15:19:53,289 - DEBUG - STREAM b'sRGB' 41 1
2023-08-16 15:19:53,289 - DEBUG - STREAM b'IDAT' 54 7807
2023-08-16 15:19:53,591 - DEBUG - STREAM b'IHDR' 16 13
2023-08-16 15:19:53,591 - DEBUG - STREAM b'IDAT' 41 7827
2023-08-16 15:24:32,351 - DEBUG - Using proactor: IocpProactor
2023-08-16 15:24:37,451 - DEBUG - STREAM b'IHDR' 16 13
2023-08-16 15:24:37,451 - DEBUG - STREAM b'sRGB' 41 1
2023-08-16 15:24:37,452 - DEBUG - STREAM b'IDAT' 54 7915
2023-08-16 15:24:37,518 - DEBUG - STREAM b'IHDR' 16 13
2023-08-16 15:24:37,518 - DEBUG - STREAM b'IDAT' 41 7925
2023-08-16 15:29:22,654 - DEBUG - Using proactor: IocpProactor
2023-08-16 15:29:25,297 - DEBUG - STREAM b'IHDR' 16 13
2023-08-16 15:29:25,297 - DEBUG - STREAM b'sRGB' 41 1
2023-08-16 15:29:25,297 - DEBUG - STREAM b'IDAT' 54 7537
2023-08-16 15:29:25,363 - DEBUG - STREAM b'IHDR' 16 13
2023-08-16 15:29:25,363 - DEBUG - STREAM b'IDAT' 41 7387
2023-08-16 15:29:41,223 - INFO - Captcha para o cnpj:21727508000166 : y2evqk
